<?xml version="1.0" encoding="UTF-8"?>
<testng-results skipped="0" failed="0" ignored="0" total="1" passed="1">
  <reporter-output>
  </reporter-output>
  <suite name="Default suite" duration-ms="38874" started-at="2020-12-23T20:35:34 EST" finished-at="2020-12-23T20:36:13 EST">
    <groups>
    </groups>
    <test name="Default test" duration-ms="38874" started-at="2020-12-23T20:35:34 EST" finished-at="2020-12-23T20:36:13 EST">
      <class name="test.DragAndDropTest">
        <test-method status="PASS" signature="userShouldBeAbleToDragACircleAndDropIt()[pri:0, instance:test.DragAndDropTest@1f7030a6]" name="userShouldBeAbleToDragACircleAndDropIt" duration-ms="38824" started-at="2020-12-23T20:35:34 EST" finished-at="2020-12-23T20:36:13 EST">
          <reporter-output>
          </reporter-output>
        </test-method> <!-- userShouldBeAbleToDragACircleAndDropIt -->
      </class> <!-- test.DragAndDropTest -->
    </test> <!-- Default test -->
  </suite> <!-- Default suite -->
</testng-results>
